c:\users\acer\desktop\sorting-visualizer-1.0\sortvisualizer-master\sortvisualizer\x64\debug\vc142.pdb
c:\users\acer\desktop\sorting-visualizer-1.0\sortvisualizer-master\sortvisualizer\x64\debug\vc142.idb
c:\users\acer\desktop\sorting-visualizer-1.0\sortvisualizer-master\sortvisualizer\x64\debug\simple_sort.obj
c:\users\acer\desktop\sorting-visualizer-1.0\sortvisualizer-master\sortvisualizer\x64\debug\shell_sort.obj
c:\users\acer\desktop\sorting-visualizer-1.0\sortvisualizer-master\sortvisualizer\x64\debug\shatter_sort.obj
c:\users\acer\desktop\sorting-visualizer-1.0\sortvisualizer-master\sortvisualizer\x64\debug\ripple_sort.obj
c:\users\acer\desktop\sorting-visualizer-1.0\sortvisualizer-master\sortvisualizer\x64\debug\radix_sort.obj
c:\users\acer\desktop\sorting-visualizer-1.0\sortvisualizer-master\sortvisualizer\x64\debug\quick_sort.obj
c:\users\acer\desktop\sorting-visualizer-1.0\sortvisualizer-master\sortvisualizer\x64\debug\odd_even_sort.obj
c:\users\acer\desktop\sorting-visualizer-1.0\sortvisualizer-master\sortvisualizer\x64\debug\merge_sort.obj
c:\users\acer\desktop\sorting-visualizer-1.0\sortvisualizer-master\sortvisualizer\x64\debug\intro_sort.obj
c:\users\acer\desktop\sorting-visualizer-1.0\sortvisualizer-master\sortvisualizer\x64\debug\insertion_sort.obj
c:\users\acer\desktop\sorting-visualizer-1.0\sortvisualizer-master\sortvisualizer\x64\debug\heap_sort.obj
c:\users\acer\desktop\sorting-visualizer-1.0\sortvisualizer-master\sortvisualizer\x64\debug\gravity_sort.obj
c:\users\acer\desktop\sorting-visualizer-1.0\sortvisualizer-master\sortvisualizer\x64\debug\gnome_sort.obj
c:\users\acer\desktop\sorting-visualizer-1.0\sortvisualizer-master\sortvisualizer\x64\debug\flash_sort.obj
c:\users\acer\desktop\sorting-visualizer-1.0\sortvisualizer-master\sortvisualizer\x64\debug\dutch_flag_sort.obj
c:\users\acer\desktop\sorting-visualizer-1.0\sortvisualizer-master\sortvisualizer\x64\debug\cycle_sort.obj
c:\users\acer\desktop\sorting-visualizer-1.0\sortvisualizer-master\sortvisualizer\x64\debug\comb_sort.obj
c:\users\acer\desktop\sorting-visualizer-1.0\sortvisualizer-master\sortvisualizer\x64\debug\cartesian_sort.obj
c:\users\acer\desktop\sorting-visualizer-1.0\sortvisualizer-master\sortvisualizer\x64\debug\sample_sort.obj
c:\users\acer\desktop\sorting-visualizer-1.0\sortvisualizer-master\sortvisualizer\x64\debug\bitonic_sort.obj
c:\users\acer\desktop\sorting-visualizer-1.0\sortvisualizer-master\sortvisualizer\x64\debug\sort_array.obj
c:\users\acer\desktop\sorting-visualizer-1.0\sortvisualizer-master\sortvisualizer\x64\debug\render.obj
c:\users\acer\desktop\sorting-visualizer-1.0\sortvisualizer-master\sortvisualizer\x64\debug\logic.obj
c:\users\acer\desktop\sorting-visualizer-1.0\sortvisualizer-master\sortvisualizer\x64\debug\sort.obj
c:\users\acer\desktop\sorting-visualizer-1.0\sortvisualizer-master\sortvisualizer\x64\debug\synth.obj
c:\users\acer\desktop\sorting-visualizer-1.0\sortvisualizer-master\sortvisualizer\x64\debug\player.obj
c:\users\acer\desktop\sorting-visualizer-1.0\sortvisualizer-master\sortvisualizer\x64\debug\main.obj
c:\users\acer\desktop\sorting-visualizer-1.0\sortvisualizer-master\sortvisualizer\x64\debug\wave_renderer.obj
c:\users\acer\desktop\sorting-visualizer-1.0\sortvisualizer-master\sortvisualizer\x64\debug\square_renderer.obj
c:\users\acer\desktop\sorting-visualizer-1.0\sortvisualizer-master\sortvisualizer\x64\debug\line_renderer.obj
c:\users\acer\desktop\sorting-visualizer-1.0\sortvisualizer-master\sortvisualizer\x64\debug\ring_renderer.obj
c:\users\acer\desktop\sorting-visualizer-1.0\sortvisualizer-master\sortvisualizer\x64\debug\circle_renderer.obj
c:\users\acer\desktop\sorting-visualizer-1.0\sortvisualizer-master\sortvisualizer\x64\debug\bar_renderer.obj
c:\users\acer\desktop\sorting-visualizer-1.0\sortvisualizer-master\sortvisualizer\x64\debug\tree_sort.obj
c:\users\acer\desktop\sorting-visualizer-1.0\sortvisualizer-master\sortvisualizer\x64\debug\tim_sort.obj
c:\users\acer\desktop\sorting-visualizer-1.0\sortvisualizer-master\sortvisualizer\x64\debug\time_sort.obj
c:\users\acer\desktop\sorting-visualizer-1.0\sortvisualizer-master\sortvisualizer\x64\debug\strand_sort.obj
c:\users\acer\desktop\sorting-visualizer-1.0\sortvisualizer-master\sortvisualizer\x64\debug\stooge_sort.obj
c:\users\acer\desktop\sorting-visualizer-1.0\sortvisualizer-master\sortvisualizer\x64\debug\smooth_sort.obj
c:\users\acer\desktop\sorting-visualizer-1.0\sortvisualizer-master\x64\debug\sortvisualizer.pdb
c:\users\acer\desktop\sorting-visualizer-1.0\sortvisualizer-master\sortvisualizer\x64\debug\sortvisualizer.tlog\cl.command.1.tlog
c:\users\acer\desktop\sorting-visualizer-1.0\sortvisualizer-master\sortvisualizer\x64\debug\sortvisualizer.tlog\cl.read.1.tlog
c:\users\acer\desktop\sorting-visualizer-1.0\sortvisualizer-master\sortvisualizer\x64\debug\sortvisualizer.tlog\cl.write.1.tlog
c:\users\acer\desktop\sorting-visualizer-1.0\sortvisualizer-master\sortvisualizer\x64\debug\sortvisualizer.tlog\link-cvtres.read.1.tlog
c:\users\acer\desktop\sorting-visualizer-1.0\sortvisualizer-master\sortvisualizer\x64\debug\sortvisualizer.tlog\link-cvtres.write.1.tlog
c:\users\acer\desktop\sorting-visualizer-1.0\sortvisualizer-master\sortvisualizer\x64\debug\sortvisualizer.tlog\link-rc.read.1.tlog
c:\users\acer\desktop\sorting-visualizer-1.0\sortvisualizer-master\sortvisualizer\x64\debug\sortvisualizer.tlog\link-rc.write.1.tlog
c:\users\acer\desktop\sorting-visualizer-1.0\sortvisualizer-master\sortvisualizer\x64\debug\sortvisualizer.tlog\link.command.1.tlog
c:\users\acer\desktop\sorting-visualizer-1.0\sortvisualizer-master\sortvisualizer\x64\debug\sortvisualizer.tlog\link.read.1.tlog
c:\users\acer\desktop\sorting-visualizer-1.0\sortvisualizer-master\sortvisualizer\x64\debug\sortvisualizer.tlog\link.write.1.tlog
